[sm=0] Compute Instructions:
00: ComputeInstruction(opcode=OP_ATTENTION_M64N64K16_F16_F32_64_64_hdim_split, args=[8, 12292, 0])
01: ComputeInstruction(opcode=OP_ATTN_SPLIT_POST_REDUCE, args=[1])
02: ComputeInstruction(opcode=OP_TERMINATEC, args=[])
[sm=0] Memory Instructions:
00: MemoryInstruction(opcode=OP_ALLOC_TMA_LOAD_5D_FIX0, num_slots=2, arg=0, size=16384, cords=[0, 0, 0, 0], flags=[], anno={})
01: MemoryInstruction(opcode=OP_REPEAT, num_slots=256, arg=0, size=0, cords=[0, 64, 0, 0], flags=[], anno={})
02: MemoryInstruction(opcode=OP_REPEAT, num_slots=513, arg=0, size=8, cords=[0, 0, 8, 0], flags=[], anno={})
03: MemoryInstruction(opcode=OP_ALLOC_TMA_LOAD_4D, num_slots=2, arg=1, size=16384, cords=[0, 0, 0, 0], flags=[], anno={})
04: MemoryInstruction(opcode=OP_ALLOC_TMA_LOAD_5D_FIX0, num_slots=2, arg=2, size=16384, cords=[0, 0, 0, 0], flags=['JUMP'], anno={})
05: MemoryInstruction(opcode=OP_ALLOC_WB_TMA_STORE_1D, num_slots=2, arg=0, size=1024, cords=[32768, 23024, 16387, 0], flags=['WB'], anno={})
06: MemoryInstruction(opcode=OP_ALLOC_WB_RAW_ADDRESS, num_slots=24, arg=24, size=0, cords=[40960, 23024, 16387, 0], flags=['BAR[0]', 'WB'], anno={})
07: MemoryInstruction(opcode=OP_ALLOC_WB_RAW_ADDRESS, num_slots=25, arg=25, size=0, cords=[40960, 23024, 16387, 0], flags=['BAR[0]'], anno={})
08: MemoryInstruction(opcode=OP_REPEAT, num_slots=256, arg=0, size=1, cords=[8192, 0, 0, 0], flags=[], anno={})
09: MemoryInstruction(opcode=OP_ALLOC_TMA_LOAD_1D, num_slots=1, arg=0, size=1024, cords=[32768, 23024, 16387, 0], flags=['JUMP'], anno={})
10: MemoryInstruction(opcode=OP_ALLOC_WB_TMA_STORE_1D, num_slots=1, arg=0, size=1024, cords=[16384, 23008, 16387, 0], flags=['WB'], anno={})
11: MemoryInstruction(opcode=OP_TERMINATE, num_slots=0, arg=0, size=0, cords=[0, 0, 0, 0], flags=[], anno={})

DAE NO EXECUTION MODE.
Ave Diff Ref and DAE: 100.0 %. 
Ref and DAE t1: tensor([[[ 0.0095, -0.0137, -0.0070,  ..., -0.0058, -0.0146,  0.0182],
         [-0.0011,  0.0386,  0.0193,  ...,  0.0244, -0.0074,  0.0193],
         [-0.0157,  0.0133, -0.0153,  ..., -0.0250, -0.0236, -0.0025],
         [-0.0198,  0.0256, -0.0123,  ..., -0.0070, -0.0139,  0.0215]],

        [[ 0.0003,  0.0292,  0.0221,  ..., -0.0149,  0.0112, -0.0479],
         [-0.0034,  0.0035,  0.0084,  ..., -0.0211, -0.0084, -0.0016],
         [-0.0071,  0.0101, -0.0280,  ..., -0.0317, -0.0103, -0.0081],
         [ 0.0219,  0.0071,  0.0093,  ...,  0.0069, -0.0160,  0.0194]],

        [[ 0.0171,  0.0074, -0.0143,  ...,  0.0076,  0.0189, -0.0062],
         [ 0.0312,  0.0178,  0.0096,  ...,  0.0109,  0.0352, -0.0104],
         [ 0.0505,  0.0043, -0.0064,  ...,  0.0042, -0.0156,  0.0106],
         [ 0.0371,  0.0077, -0.0133,  ..., -0.0325,  0.0011, -0.0325]],

        ...,

        [[-0.0063, -0.0237, -0.0068,  ...,  0.0004,  0.0023, -0.0082],
         [ 0.0094,  0.0134,  0.0205,  ...,  0.0030, -0.0009,  0.0142],
         [-0.0242, -0.0107, -0.0139,  ...,  0.0233, -0.0139, -0.0164],
         [ 0.0310, -0.0161,  0.0055,  ..., -0.0157,  0.0112,  0.0093]],

        [[ 0.0359, -0.0059,  0.0046,  ..., -0.0039, -0.0048,  0.0160],
         [ 0.0354, -0.0004, -0.0176,  ..., -0.0043,  0.0194, -0.0116],
         [ 0.0356,  0.0014, -0.0009,  ...,  0.0135, -0.0036, -0.0258],
         [ 0.0184, -0.0400,  0.0053,  ...,  0.0243,  0.0386, -0.0066]],

        [[ 0.0283, -0.0012, -0.0193,  ...,  0.0354, -0.0405,  0.0309],
         [-0.0005,  0.0152, -0.0063,  ..., -0.0138, -0.0111,  0.0098],
         [ 0.0349,  0.0019, -0.0101,  ..., -0.0200, -0.0003, -0.0173],
         [ 0.0195, -0.0010, -0.0396,  ...,  0.0065, -0.0076,  0.0128]]],
       device='cuda:0', dtype=torch.bfloat16)
Ref and DAE t2: tensor([[[0., 0., 0.,  ..., 0., 0., 0.],
         [0., 0., 0.,  ..., 0., 0., 0.],
         [0., 0., 0.,  ..., 0., 0., 0.],
         [0., 0., 0.,  ..., 0., 0., 0.]],

        [[0., 0., 0.,  ..., 0., 0., 0.],
         [0., 0., 0.,  ..., 0., 0., 0.],
         [0., 0., 0.,  ..., 0., 0., 0.],
         [0., 0., 0.,  ..., 0., 0., 0.]],

        [[0., 0., 0.,  ..., 0., 0., 0.],
         [0., 0., 0.,  ..., 0., 0., 0.],
         [0., 0., 0.,  ..., 0., 0., 0.],
         [0., 0., 0.,  ..., 0., 0., 0.]],

        ...,

        [[0., 0., 0.,  ..., 0., 0., 0.],
         [0., 0., 0.,  ..., 0., 0., 0.],
         [0., 0., 0.,  ..., 0., 0., 0.],
         [0., 0., 0.,  ..., 0., 0., 0.]],

        [[0., 0., 0.,  ..., 0., 0., 0.],
         [0., 0., 0.,  ..., 0., 0., 0.],
         [0., 0., 0.,  ..., 0., 0., 0.],
         [0., 0., 0.,  ..., 0., 0., 0.]],

        [[0., 0., 0.,  ..., 0., 0., 0.],
         [0., 0., 0.,  ..., 0., 0., 0.],
         [0., 0., 0.,  ..., 0., 0., 0.],
         [0., 0., 0.,  ..., 0., 0., 0.]]], device='cuda:0',
       dtype=torch.bfloat16)
Ref and DAE checksum t1: (-6.4727044105529785, torch.Size([8, 4, 128])), t2: (0.0, torch.Size([8, 4, 128]))
